# JRE version: Java(TM) SE Runtime Environment (19.0.1+10) (build 19.0.1+10-21)
# Java VM: Java HotSpot(TM) 64-Bit Server VM (19.0.1+10-21, mixed mode, sharing, tiered, compressed oops, compressed class ptrs, g1 gc, windows-amd64)
GC Precious Log:
 CardTable entry size: 512
 Card Set container configuration: InlinePtr #cards 5 size 8 Array Of Cards #cards 12 size 40 Howl #buckets 4 coarsen threshold 1843 Howl Bitmap #cards 512 size 80 coarsen threshold 460 Card regions per heap region 1 cards per card region 2048
 CPUs: 4 total, 4 available
 Memory: 5704M
 Large Page Support: Disabled
 NUMA Support: Disabled
 Compressed Oops: Enabled (32-bit)
 Heap Region Size: 1M
 Heap Min Capacity: 8M
 Heap Initial Capacity: 90M
 Heap Max Capacity: 512M
 Pre-touch: Disabled
 Parallel Workers: 4
 Concurrent Workers: 1
 Concurrent Refinement Workers: 4
 Periodic GC: Disabled
Heap:
 garbage-first heap   total 58368K, used 22423K [0x00000000e0000000, 0x0000000100000000)
  region size 1024K, 12 young (12288K), 4 survivors (4096K)
 Metaspace       used 21728K, committed 22144K, reserved 1114112K
  class space    used 2687K, committed 2880K, reserved 1048576K
GC Heap History (8 events):
Event: 1.463 GC heap before
{Heap before GC invocations=0 (full 0):
 garbage-first heap   total 92160K, used 12288K [0x00000000e0000000, 0x0000000100000000)
  region size 1024K, 13 young (13312K), 0 survivors (0K)
 Metaspace       used 4149K, committed 4352K, reserved 1114112K
  class space    used 488K, committed 576K, reserved 1048576K
}
Event: 1.475 GC heap after
{Heap after GC invocations=1 (full 0):
 garbage-first heap   total 92160K, used 5280K [0x00000000e0000000, 0x0000000100000000)
  region size 1024K, 2 young (2048K), 2 survivors (2048K)
 Metaspace       used 4149K, committed 4352K, reserved 1114112K
  class space    used 488K, committed 576K, reserved 1048576K
}
Event: 2.552 GC heap before
{Heap before GC invocations=1 (full 0):
 garbage-first heap   total 92160K, used 16544K [0x00000000e0000000, 0x0000000100000000)
  region size 1024K, 13 young (13312K), 2 survivors (2048K)
 Metaspace       used 7540K, committed 7872K, reserved 1114112K
  class space    used 929K, committed 1088K, reserved 1048576K
}
Event: 2.559 GC heap after
{Heap after GC invocations=2 (full 0):
 garbage-first heap   total 92160K, used 6608K [0x00000000e0000000, 0x0000000100000000)
  region size 1024K, 2 young (2048K), 2 survivors (2048K)
 Metaspace       used 7540K, committed 7872K, reserved 1114112K
  class space    used 929K, committed 1088K, reserved 1048576K
}
Event: 4.821 GC heap before
{Heap before GC invocations=2 (full 0):
 garbage-first heap   total 92160K, used 32208K [0x00000000e0000000, 0x0000000100000000)
  region size 1024K, 28 young (28672K), 2 survivors (2048K)
 Metaspace       used 17301K, committed 17728K, reserved 1114112K
  class space    used 2061K, committed 2240K, reserved 1048576K
}
Event: 4.828 GC heap after
{Heap after GC invocations=3 (full 0):
 garbage-first heap   total 92160K, used 9083K [0x00000000e0000000, 0x0000000100000000)
  region size 1024K, 4 young (4096K), 4 survivors (4096K)
 Metaspace       used 17301K, committed 17728K, reserved 1114112K
  class space    used 2061K, committed 2240K, reserved 1048576K
}
Event: 14.144 GC heap before
{Heap before GC invocations=3 (full 0):
 garbage-first heap   total 92160K, used 26491K [0x00000000e0000000, 0x0000000100000000)
  region size 1024K, 18 young (18432K), 4 survivors (4096K)
 Metaspace       used 21118K, committed 21504K, reserved 1114112K
  class space    used 2616K, committed 2816K, reserved 1048576K
}
Event: 14.152 GC heap after
{Heap after GC invocations=4 (full 0):
 garbage-first heap   total 92160K, used 15255K [0x00000000e0000000, 0x0000000100000000)
  region size 1024K, 4 young (4096K), 4 survivors (4096K)
 Metaspace       used 21118K, committed 21504K, reserved 1114112K
  class space    used 2616K, committed 2816K, reserved 1048576K
}

